Using CPython 3.11.13
Creating virtual environment at: .venv
Resolved 101 packages in 116ms
Installed 74 packages in 4.77s
 + alembic==1.17.0
 + annotated-types==0.7.0
 + antlr4-python3-runtime==4.9.3
 + boil-c-experiments==0.1.0 (from file:///home/toma/t-80-8-b-03/_work/airas-20251023-075135-matsuzawa/airas-20251023-075135-matsuzawa)
 + certifi==2025.10.5
 + charset-normalizer==3.4.4
 + click==8.3.0
 + colorlog==6.10.1
 + contourpy==1.3.3
 + cycler==0.12.1
 + filelock==3.20.0
 + fonttools==4.60.1
 + fsspec==2025.9.0
 + gitdb==4.0.12
 + gitpython==3.1.45
 + greenlet==3.2.4
 + hydra-core==1.3.2
 + idna==3.11
 + jinja2==3.1.6
 + joblib==1.5.2
 + kiwisolver==1.4.9
 + mako==1.3.10
 + markupsafe==3.0.3
 + matplotlib==3.10.7
 + mpmath==1.3.0
 + networkx==3.5
 + numpy==2.3.4
 + nvidia-cublas-cu12==12.8.4.1
 + nvidia-cuda-cupti-cu12==12.8.90
 + nvidia-cuda-nvrtc-cu12==12.8.93
 + nvidia-cuda-runtime-cu12==12.8.90
 + nvidia-cudnn-cu12==9.10.2.21
 + nvidia-cufft-cu12==11.3.3.83
 + nvidia-cufile-cu12==1.13.1.3
 + nvidia-curand-cu12==10.3.9.90
 + nvidia-cusolver-cu12==11.7.3.90
 + nvidia-cusparse-cu12==12.5.8.93
 + nvidia-cusparselt-cu12==0.7.1
 + nvidia-nccl-cu12==2.27.5
 + nvidia-nvjitlink-cu12==12.8.93
 + nvidia-nvshmem-cu12==3.3.20
 + nvidia-nvtx-cu12==12.8.90
 + omegaconf==2.3.0
 + optuna==4.5.0
 + packaging==25.0
 + pandas==2.3.3
 + pillow==12.0.0
 + platformdirs==4.5.0
 + protobuf==6.33.0
 + pydantic==2.12.3
 + pydantic-core==2.41.4
 + pyparsing==3.2.5
 + python-dateutil==2.9.0.post0
 + pytz==2025.2
 + pyyaml==6.0.3
 + requests==2.32.5
 + scikit-learn==1.7.2
 + scipy==1.16.2
 + seaborn==0.13.2
 + sentry-sdk==2.42.1
 + six==1.17.0
 + smmap==5.0.2
 + sqlalchemy==2.0.44
 + sympy==1.14.0
 + threadpoolctl==3.6.0
 + torch==2.9.0
 + torchvision==0.24.0
 + tqdm==4.67.1
 + triton==3.5.0
 + typing-extensions==4.15.0
 + typing-inspection==0.4.2
 + tzdata==2025.2
 + urllib3==2.5.0
 + wandb==0.22.2
/home/toma/t-80-8-b-03/_work/airas-20251023-075135-matsuzawa/airas-20251023-075135-matsuzawa/.venv/lib/python3.11/site-packages/pydantic/_internal/_generate_schema.py:2249: UnsupportedFieldAttributeWarning: The 'repr' attribute with value False was provided to the `Field()` function, which has no effect in the context it was used. 'repr' is field-specific metadata, and can only be attached to a model field using `Annotated` metadata or by assignment. This may have happened because an `Annotated` type alias using the `type` statement was used, or if the `Field()` function was attached to a single member of a union type.
  warnings.warn(
/home/toma/t-80-8-b-03/_work/airas-20251023-075135-matsuzawa/airas-20251023-075135-matsuzawa/.venv/lib/python3.11/site-packages/pydantic/_internal/_generate_schema.py:2249: UnsupportedFieldAttributeWarning: The 'frozen' attribute with value True was provided to the `Field()` function, which has no effect in the context it was used. 'frozen' is field-specific metadata, and can only be attached to a model field using `Annotated` metadata or by assignment. This may have happened because an `Annotated` type alias using the `type` statement was used, or if the `Field()` function was attached to a single member of a union type.
  warnings.warn(
  0%|          | 0.00/170M [00:00<?, ?B/s]  0%|          | 32.8k/170M [00:00<14:56, 190kB/s]  0%|          | 65.5k/170M [00:00<14:57, 190kB/s]  0%|          | 98.3k/170M [00:00<15:04, 188kB/s]  0%|          | 229k/170M [00:00<06:53, 412kB/s]   0%|          | 459k/170M [00:00<03:50, 736kB/s]  1%|          | 918k/170M [00:01<02:03, 1.37MB/s]  1%|          | 1.84M/170M [00:01<01:03, 2.65MB/s]  2%|▏         | 3.67M/170M [00:01<00:32, 5.15MB/s]  4%|▍         | 6.42M/170M [00:01<00:19, 8.40MB/s]  5%|▌         | 9.37M/170M [00:01<00:14, 10.9MB/s]  7%|▋         | 12.5M/170M [00:01<00:12, 13.1MB/s]  9%|▉         | 15.6M/170M [00:02<00:10, 14.6MB/s] 11%|█         | 18.8M/170M [00:02<00:09, 15.7MB/s] 13%|█▎        | 21.9M/170M [00:02<00:09, 16.3MB/s] 15%|█▍        | 25.0M/170M [00:02<00:08, 16.8MB/s] 17%|█▋        | 28.2M/170M [00:02<00:08, 17.1MB/s] 18%|█▊        | 31.3M/170M [00:02<00:08, 17.4MB/s] 20%|██        | 34.1M/170M [00:03<00:06, 19.7MB/s] 21%|██▏       | 36.2M/170M [00:03<00:07, 17.8MB/s] 22%|██▏       | 38.1M/170M [00:03<00:08, 16.2MB/s] 24%|██▍       | 40.6M/170M [00:03<00:07, 17.1MB/s] 25%|██▌       | 42.7M/170M [00:03<00:07, 18.0MB/s] 26%|██▌       | 44.5M/170M [00:03<00:07, 16.0MB/s] 28%|██▊       | 47.0M/170M [00:03<00:06, 17.9MB/s] 29%|██▊       | 48.9M/170M [00:03<00:06, 17.7MB/s] 30%|██▉       | 50.7M/170M [00:04<00:07, 15.8MB/s] 31%|███       | 53.2M/170M [00:04<00:07, 15.4MB/s] 33%|███▎      | 56.1M/170M [00:04<00:07, 15.6MB/s] 35%|███▍      | 59.1M/170M [00:04<00:06, 16.0MB/s] 36%|███▋      | 62.2M/170M [00:04<00:06, 16.3MB/s] 38%|███▊      | 65.0M/170M [00:05<00:06, 16.3MB/s] 40%|███▉      | 68.0M/170M [00:05<00:06, 16.4MB/s] 42%|████▏     | 71.1M/170M [00:05<00:05, 16.9MB/s] 44%|████▎     | 74.2M/170M [00:05<00:05, 17.1MB/s] 45%|████▌     | 77.2M/170M [00:05<00:05, 17.0MB/s] 47%|████▋     | 80.4M/170M [00:05<00:05, 17.2MB/s] 49%|████▉     | 83.5M/170M [00:06<00:04, 17.5MB/s] 51%|█████     | 86.6M/170M [00:06<00:04, 17.6MB/s] 53%|█████▎    | 89.8M/170M [00:06<00:04, 17.7MB/s] 54%|█████▍    | 92.9M/170M [00:06<00:04, 17.8MB/s] 56%|█████▋    | 96.0M/170M [00:06<00:04, 17.8MB/s] 58%|█████▊    | 99.1M/170M [00:06<00:03, 18.3MB/s] 60%|█████▉    | 102M/170M [00:07<00:03, 20.8MB/s]  61%|██████▏   | 104M/170M [00:07<00:03, 18.5MB/s] 62%|██████▏   | 106M/170M [00:07<00:03, 16.9MB/s] 64%|██████▎   | 108M/170M [00:07<00:03, 17.6MB/s] 65%|██████▍   | 111M/170M [00:07<00:03, 18.7MB/s] 66%|██████▌   | 113M/170M [00:07<00:03, 16.7MB/s] 67%|██████▋   | 115M/170M [00:07<00:03, 17.4MB/s] 69%|██████▉   | 118M/170M [00:07<00:02, 20.6MB/s] 70%|███████   | 120M/170M [00:08<00:02, 17.9MB/s] 71%|███████▏  | 122M/170M [00:08<00:03, 16.1MB/s] 73%|███████▎  | 124M/170M [00:08<00:02, 17.6MB/s] 74%|███████▍  | 126M/170M [00:08<00:02, 18.2MB/s] 75%|███████▌  | 128M/170M [00:08<00:02, 15.8MB/s] 77%|███████▋  | 131M/170M [00:08<00:02, 18.4MB/s] 78%|███████▊  | 133M/170M [00:08<00:02, 16.9MB/s] 79%|███████▉  | 135M/170M [00:08<00:02, 16.7MB/s] 80%|████████  | 137M/170M [00:09<00:01, 18.1MB/s] 81%|████████▏ | 139M/170M [00:09<00:01, 17.0MB/s] 83%|████████▎ | 141M/170M [00:09<00:01, 16.7MB/s] 84%|████████▍ | 143M/170M [00:09<00:01, 18.9MB/s] 85%|████████▌ | 145M/170M [00:09<00:01, 17.4MB/s] 86%|████████▌ | 147M/170M [00:09<00:01, 16.7MB/s] 88%|████████▊ | 150M/170M [00:09<00:01, 16.7MB/s] 89%|████████▉ | 152M/170M [00:09<00:01, 17.5MB/s] 90%|████████▉ | 153M/170M [00:10<00:00, 17.5MB/s] 91%|█████████▏| 156M/170M [00:10<00:00, 17.2MB/s] 92%|█████████▏| 158M/170M [00:10<00:00, 17.3MB/s] 93%|█████████▎| 159M/170M [00:10<00:00, 17.3MB/s] 95%|█████████▌| 162M/170M [00:10<00:00, 18.0MB/s] 96%|█████████▌| 164M/170M [00:10<00:00, 17.5MB/s] 97%|█████████▋| 166M/170M [00:10<00:00, 17.2MB/s] 99%|█████████▊| 168M/170M [00:10<00:00, 18.2MB/s]100%|█████████▉| 170M/170M [00:10<00:00, 17.4MB/s]100%|██████████| 170M/170M [00:10<00:00, 15.5MB/s]
Using CPython 3.11.13
Creating virtual environment at: .venv
Resolved 101 packages in 172ms
Installed 74 packages in 4.66s
 + alembic==1.17.0
 + annotated-types==0.7.0
 + antlr4-python3-runtime==4.9.3
 + boil-c-experiments==0.1.0 (from file:///home/toma/t-80-8-a/_work/airas-20251023-075135-matsuzawa/airas-20251023-075135-matsuzawa)
 + certifi==2025.10.5
 + charset-normalizer==3.4.4
 + click==8.3.0
 + colorlog==6.10.1
 + contourpy==1.3.3
 + cycler==0.12.1
 + filelock==3.20.0
 + fonttools==4.60.1
 + fsspec==2025.9.0
 + gitdb==4.0.12
 + gitpython==3.1.45
 + greenlet==3.2.4
 + hydra-core==1.3.2
 + idna==3.11
 + jinja2==3.1.6
 + joblib==1.5.2
 + kiwisolver==1.4.9
 + mako==1.3.10
 + markupsafe==3.0.3
 + matplotlib==3.10.7
 + mpmath==1.3.0
 + networkx==3.5
 + numpy==2.3.4
 + nvidia-cublas-cu12==12.8.4.1
 + nvidia-cuda-cupti-cu12==12.8.90
 + nvidia-cuda-nvrtc-cu12==12.8.93
 + nvidia-cuda-runtime-cu12==12.8.90
 + nvidia-cudnn-cu12==9.10.2.21
 + nvidia-cufft-cu12==11.3.3.83
 + nvidia-cufile-cu12==1.13.1.3
 + nvidia-curand-cu12==10.3.9.90
 + nvidia-cusolver-cu12==11.7.3.90
 + nvidia-cusparse-cu12==12.5.8.93
 + nvidia-cusparselt-cu12==0.7.1
 + nvidia-nccl-cu12==2.27.5
 + nvidia-nvjitlink-cu12==12.8.93
 + nvidia-nvshmem-cu12==3.3.20
 + nvidia-nvtx-cu12==12.8.90
 + omegaconf==2.3.0
 + optuna==4.5.0
 + packaging==25.0
 + pandas==2.3.3
 + pillow==12.0.0
 + platformdirs==4.5.0
 + protobuf==6.33.0
 + pydantic==2.12.3
 + pydantic-core==2.41.4
 + pyparsing==3.2.5
 + python-dateutil==2.9.0.post0
 + pytz==2025.2
 + pyyaml==6.0.3
 + requests==2.32.5
 + scikit-learn==1.7.2
 + scipy==1.16.2
 + seaborn==0.13.2
 + sentry-sdk==2.42.1
 + six==1.17.0
 + smmap==5.0.2
 + sqlalchemy==2.0.44
 + sympy==1.14.0
 + threadpoolctl==3.6.0
 + torch==2.9.0
 + torchvision==0.24.0
 + tqdm==4.67.1
 + triton==3.5.0
 + typing-extensions==4.15.0
 + typing-inspection==0.4.2
 + tzdata==2025.2
 + urllib3==2.5.0
 + wandb==0.22.2
/home/toma/t-80-8-a/_work/airas-20251023-075135-matsuzawa/airas-20251023-075135-matsuzawa/.venv/lib/python3.11/site-packages/pydantic/_internal/_generate_schema.py:2249: UnsupportedFieldAttributeWarning: The 'repr' attribute with value False was provided to the `Field()` function, which has no effect in the context it was used. 'repr' is field-specific metadata, and can only be attached to a model field using `Annotated` metadata or by assignment. This may have happened because an `Annotated` type alias using the `type` statement was used, or if the `Field()` function was attached to a single member of a union type.
  warnings.warn(
/home/toma/t-80-8-a/_work/airas-20251023-075135-matsuzawa/airas-20251023-075135-matsuzawa/.venv/lib/python3.11/site-packages/pydantic/_internal/_generate_schema.py:2249: UnsupportedFieldAttributeWarning: The 'frozen' attribute with value True was provided to the `Field()` function, which has no effect in the context it was used. 'frozen' is field-specific metadata, and can only be attached to a model field using `Annotated` metadata or by assignment. This may have happened because an `Annotated` type alias using the `type` statement was used, or if the `Field()` function was attached to a single member of a union type.
  warnings.warn(
  0%|          | 0.00/170M [00:00<?, ?B/s]  0%|          | 32.8k/170M [00:00<14:27, 197kB/s]  0%|          | 65.5k/170M [00:00<14:25, 197kB/s]  0%|          | 98.3k/170M [00:00<14:22, 198kB/s]  0%|          | 229k/170M [00:00<06:36, 430kB/s]   0%|          | 459k/170M [00:00<03:40, 772kB/s]  1%|          | 918k/170M [00:00<01:57, 1.44MB/s]  1%|          | 1.84M/170M [00:01<01:00, 2.77MB/s]  2%|▏         | 3.70M/170M [00:01<00:30, 5.45MB/s]  4%|▍         | 6.82M/170M [00:01<00:17, 9.59MB/s]  6%|▌         | 9.93M/170M [00:01<00:13, 12.1MB/s]  8%|▊         | 12.9M/170M [00:01<00:11, 13.7MB/s]  9%|▉         | 16.0M/170M [00:02<00:10, 15.0MB/s] 11%|█         | 19.1M/170M [00:02<00:09, 16.1MB/s] 13%|█▎        | 22.1M/170M [00:02<00:08, 16.7MB/s] 15%|█▍        | 25.2M/170M [00:02<00:08, 17.2MB/s] 17%|█▋        | 28.3M/170M [00:02<00:08, 17.6MB/s] 18%|█▊        | 31.5M/170M [00:02<00:07, 18.1MB/s] 20%|██        | 34.6M/170M [00:03<00:07, 17.5MB/s] 22%|██▏       | 37.6M/170M [00:03<00:07, 17.6MB/s] 24%|██▍       | 40.8M/170M [00:03<00:07, 17.9MB/s] 26%|██▌       | 43.8M/170M [00:03<00:07, 17.8MB/s] 27%|██▋       | 46.7M/170M [00:03<00:07, 17.7MB/s] 29%|██▉       | 49.8M/170M [00:03<00:06, 17.7MB/s] 31%|███       | 52.9M/170M [00:04<00:06, 18.0MB/s] 33%|███▎      | 56.0M/170M [00:04<00:06, 18.2MB/s] 35%|███▍      | 59.2M/170M [00:04<00:06, 18.1MB/s] 37%|███▋      | 62.3M/170M [00:04<00:05, 18.6MB/s] 38%|███▊      | 65.3M/170M [00:04<00:05, 17.8MB/s] 40%|████      | 68.4M/170M [00:04<00:05, 18.1MB/s] 42%|████▏     | 71.5M/170M [00:05<00:05, 17.9MB/s] 44%|████▎     | 74.5M/170M [00:05<00:05, 18.0MB/s] 45%|████▌     | 77.6M/170M [00:05<00:05, 17.9MB/s] 47%|████▋     | 80.7M/170M [00:05<00:04, 18.0MB/s] 49%|████▉     | 83.5M/170M [00:05<00:04, 17.7MB/s] 51%|█████     | 86.7M/170M [00:05<00:04, 17.9MB/s] 53%|█████▎    | 89.8M/170M [00:06<00:04, 18.1MB/s] 55%|█████▍    | 92.9M/170M [00:06<00:04, 18.3MB/s] 56%|█████▋    | 96.1M/170M [00:06<00:04, 18.4MB/s] 58%|█████▊    | 99.2M/170M [00:06<00:03, 18.5MB/s] 60%|██████    | 102M/170M [00:06<00:03, 18.4MB/s]  62%|██████▏   | 105M/170M [00:06<00:03, 18.4MB/s] 64%|██████▎   | 109M/170M [00:07<00:03, 18.8MB/s] 66%|██████▌   | 112M/170M [00:07<00:03, 17.6MB/s] 67%|██████▋   | 115M/170M [00:07<00:03, 18.0MB/s] 69%|██████▉   | 118M/170M [00:07<00:02, 18.2MB/s] 71%|███████   | 121M/170M [00:07<00:02, 19.9MB/s] 73%|███████▎  | 124M/170M [00:07<00:02, 19.5MB/s] 75%|███████▍  | 127M/170M [00:08<00:02, 17.2MB/s] 76%|███████▋  | 130M/170M [00:08<00:02, 17.1MB/s] 78%|███████▊  | 133M/170M [00:08<00:02, 17.5MB/s] 80%|███████▉  | 136M/170M [00:08<00:01, 17.5MB/s] 82%|████████▏ | 139M/170M [00:08<00:01, 17.3MB/s] 83%|████████▎ | 142M/170M [00:09<00:01, 17.7MB/s] 85%|████████▌ | 145M/170M [00:09<00:01, 18.0MB/s] 87%|████████▋ | 149M/170M [00:09<00:01, 18.2MB/s] 89%|████████▉ | 152M/170M [00:09<00:01, 18.3MB/s] 91%|█████████ | 155M/170M [00:09<00:00, 18.4MB/s] 93%|█████████▎| 158M/170M [00:09<00:00, 17.4MB/s] 94%|█████████▍| 161M/170M [00:10<00:00, 17.4MB/s] 96%|█████████▌| 164M/170M [00:10<00:00, 17.8MB/s] 98%|█████████▊| 167M/170M [00:10<00:00, 18.1MB/s]100%|█████████▉| 170M/170M [00:10<00:00, 18.3MB/s]100%|██████████| 170M/170M [00:10<00:00, 16.1MB/s]
Using CPython 3.11.13
Creating virtual environment at: .venv
Resolved 101 packages in 82ms
Installed 74 packages in 5.15s
 + alembic==1.17.0
 + annotated-types==0.7.0
 + antlr4-python3-runtime==4.9.3
 + boil-c-experiments==0.1.0 (from file:///home/toma/t-80-8-b-03/_work/airas-20251023-075135-matsuzawa/airas-20251023-075135-matsuzawa)
 + certifi==2025.10.5
 + charset-normalizer==3.4.4
 + click==8.3.0
 + colorlog==6.10.1
 + contourpy==1.3.3
 + cycler==0.12.1
 + filelock==3.20.0
 + fonttools==4.60.1
 + fsspec==2025.9.0
 + gitdb==4.0.12
 + gitpython==3.1.45
 + greenlet==3.2.4
 + hydra-core==1.3.2
 + idna==3.11
 + jinja2==3.1.6
 + joblib==1.5.2
 + kiwisolver==1.4.9
 + mako==1.3.10
 + markupsafe==3.0.3
 + matplotlib==3.10.7
 + mpmath==1.3.0
 + networkx==3.5
 + numpy==2.3.4
 + nvidia-cublas-cu12==12.8.4.1
 + nvidia-cuda-cupti-cu12==12.8.90
 + nvidia-cuda-nvrtc-cu12==12.8.93
 + nvidia-cuda-runtime-cu12==12.8.90
 + nvidia-cudnn-cu12==9.10.2.21
 + nvidia-cufft-cu12==11.3.3.83
 + nvidia-cufile-cu12==1.13.1.3
 + nvidia-curand-cu12==10.3.9.90
 + nvidia-cusolver-cu12==11.7.3.90
 + nvidia-cusparse-cu12==12.5.8.93
 + nvidia-cusparselt-cu12==0.7.1
 + nvidia-nccl-cu12==2.27.5
 + nvidia-nvjitlink-cu12==12.8.93
 + nvidia-nvshmem-cu12==3.3.20
 + nvidia-nvtx-cu12==12.8.90
 + omegaconf==2.3.0
 + optuna==4.5.0
 + packaging==25.0
 + pandas==2.3.3
 + pillow==12.0.0
 + platformdirs==4.5.0
 + protobuf==6.33.0
 + pydantic==2.12.3
 + pydantic-core==2.41.4
 + pyparsing==3.2.5
 + python-dateutil==2.9.0.post0
 + pytz==2025.2
 + pyyaml==6.0.3
 + requests==2.32.5
 + scikit-learn==1.7.2
 + scipy==1.16.2
 + seaborn==0.13.2
 + sentry-sdk==2.42.1
 + six==1.17.0
 + smmap==5.0.2
 + sqlalchemy==2.0.44
 + sympy==1.14.0
 + threadpoolctl==3.6.0
 + torch==2.9.0
 + torchvision==0.24.0
 + tqdm==4.67.1
 + triton==3.5.0
 + typing-extensions==4.15.0
 + typing-inspection==0.4.2
 + tzdata==2025.2
 + urllib3==2.5.0
 + wandb==0.22.2
/home/toma/t-80-8-b-03/_work/airas-20251023-075135-matsuzawa/airas-20251023-075135-matsuzawa/.venv/lib/python3.11/site-packages/pydantic/_internal/_generate_schema.py:2249: UnsupportedFieldAttributeWarning: The 'repr' attribute with value False was provided to the `Field()` function, which has no effect in the context it was used. 'repr' is field-specific metadata, and can only be attached to a model field using `Annotated` metadata or by assignment. This may have happened because an `Annotated` type alias using the `type` statement was used, or if the `Field()` function was attached to a single member of a union type.
  warnings.warn(
/home/toma/t-80-8-b-03/_work/airas-20251023-075135-matsuzawa/airas-20251023-075135-matsuzawa/.venv/lib/python3.11/site-packages/pydantic/_internal/_generate_schema.py:2249: UnsupportedFieldAttributeWarning: The 'frozen' attribute with value True was provided to the `Field()` function, which has no effect in the context it was used. 'frozen' is field-specific metadata, and can only be attached to a model field using `Annotated` metadata or by assignment. This may have happened because an `Annotated` type alias using the `type` statement was used, or if the `Field()` function was attached to a single member of a union type.
  warnings.warn(
wandb: Currently logged in as: gengaru617 (gengaru617-personal) to https://api.wandb.ai. Use `wandb login --relogin` to force relogin
wandb: setting up run proposed-Small-CNN-1.2M-CIFAR-10
wandb: Tracking run with wandb version 0.22.2
wandb: Run data is saved locally in /home/toma/t-80-8-b-03/_work/airas-20251023-075135-matsuzawa/airas-20251023-075135-matsuzawa/.research/iteration1/wandb/run-20251023_083909-proposed-Small-CNN-1.2M-CIFAR-10
wandb: Run `wandb offline` to turn off syncing.
wandb: Syncing run proposed-Small-CNN-1.2M-CIFAR-10
wandb: ⭐️ View project at https://wandb.ai/gengaru617-personal/251023-test
wandb: 🚀 View run at https://wandb.ai/gengaru617-personal/251023-test/runs/proposed-Small-CNN-1.2M-CIFAR-10
  0%|          | 0.00/170M [00:00<?, ?B/s]  0%|          | 32.8k/170M [00:00<15:17, 186kB/s]  0%|          | 65.5k/170M [00:00<15:12, 187kB/s]  0%|          | 98.3k/170M [00:00<15:02, 189kB/s]  0%|          | 229k/170M [00:00<06:55, 410kB/s]   0%|          | 459k/170M [00:00<03:52, 732kB/s]  1%|          | 918k/170M [00:01<02:03, 1.37MB/s]  1%|          | 1.80M/170M [00:01<01:05, 2.57MB/s]  2%|▏         | 3.64M/170M [00:01<00:33, 5.06MB/s]  4%|▍         | 6.75M/170M [00:01<00:18, 8.90MB/s]  6%|▌         | 9.90M/170M [00:01<00:13, 11.6MB/s]  8%|▊         | 13.0M/170M [00:01<00:11, 13.4MB/s]  9%|▉         | 16.2M/170M [00:02<00:10, 14.6MB/s] 11%|█▏        | 19.3M/170M [00:02<00:09, 15.5MB/s] 13%|█▎        | 22.4M/170M [00:02<00:09, 16.4MB/s] 15%|█▍        | 25.6M/170M [00:02<00:08, 16.7MB/s] 17%|█▋        | 28.7M/170M [00:02<00:08, 17.1MB/s] 19%|█▊        | 31.8M/170M [00:03<00:08, 17.1MB/s] 21%|██        | 35.0M/170M [00:03<00:07, 17.2MB/s] 22%|██▏       | 38.1M/170M [00:03<00:07, 17.7MB/s] 24%|██▍       | 41.2M/170M [00:03<00:07, 17.7MB/s] 26%|██▌       | 44.3M/170M [00:03<00:07, 17.6MB/s] 28%|██▊       | 47.4M/170M [00:03<00:06, 17.7MB/s] 30%|██▉       | 50.5M/170M [00:04<00:06, 17.7MB/s] 31%|███▏      | 53.6M/170M [00:04<00:06, 17.7MB/s] 33%|███▎      | 56.5M/170M [00:04<00:05, 19.9MB/s] 34%|███▍      | 58.6M/170M [00:04<00:06, 17.8MB/s] 35%|███▌      | 60.5M/170M [00:04<00:06, 16.1MB/s] 37%|███▋      | 62.9M/170M [00:04<00:06, 17.3MB/s] 38%|███▊      | 65.3M/170M [00:04<00:05, 18.8MB/s] 39%|███▉      | 67.3M/170M [00:05<00:06, 16.4MB/s] 41%|████      | 69.4M/170M [00:05<00:05, 17.1MB/s] 42%|████▏     | 71.7M/170M [00:05<00:06, 16.3MB/s] 43%|████▎     | 74.2M/170M [00:05<00:05, 18.2MB/s] 45%|████▍     | 76.1M/170M [00:05<00:05, 17.0MB/s] 46%|████▌     | 78.0M/170M [00:05<00:05, 16.7MB/s] 47%|████▋     | 79.8M/170M [00:05<00:05, 17.0MB/s] 48%|████▊     | 81.7M/170M [00:05<00:05, 17.7MB/s] 49%|████▉     | 84.2M/170M [00:06<00:05, 17.1MB/s] 50%|█████     | 86.0M/170M [00:06<00:05, 16.8MB/s] 52%|█████▏    | 88.3M/170M [00:06<00:04, 17.7MB/s] 53%|█████▎    | 90.4M/170M [00:06<00:04, 17.5MB/s] 54%|█████▍    | 92.2M/170M [00:06<00:04, 17.5MB/s] 55%|█████▌    | 94.0M/170M [00:06<00:04, 17.0MB/s] 57%|█████▋    | 96.5M/170M [00:06<00:04, 17.3MB/s] 58%|█████▊    | 98.4M/170M [00:06<00:04, 16.7MB/s] 59%|█████▉    | 101M/170M [00:06<00:03, 18.1MB/s]  60%|██████    | 103M/170M [00:07<00:03, 17.7MB/s] 61%|██████▏   | 105M/170M [00:07<00:03, 18.2MB/s] 62%|██████▏   | 106M/170M [00:07<00:03, 16.4MB/s] 64%|██████▍   | 109M/170M [00:07<00:03, 17.9MB/s] 65%|██████▍   | 111M/170M [00:07<00:03, 18.2MB/s] 66%|██████▌   | 113M/170M [00:07<00:03, 16.5MB/s] 67%|██████▋   | 115M/170M [00:07<00:03, 17.6MB/s] 69%|██████▊   | 117M/170M [00:07<00:02, 18.5MB/s] 70%|██████▉   | 119M/170M [00:07<00:03, 16.6MB/s] 71%|███████   | 121M/170M [00:08<00:02, 17.1MB/s] 72%|███████▏  | 122M/170M [00:08<00:02, 17.0MB/s] 73%|███████▎  | 125M/170M [00:08<00:02, 17.9MB/s] 74%|███████▍  | 126M/170M [00:08<00:02, 17.6MB/s] 75%|███████▌  | 128M/170M [00:08<00:02, 17.0MB/s] 76%|███████▌  | 130M/170M [00:08<00:02, 16.1MB/s] 78%|███████▊  | 132M/170M [00:08<00:02, 17.7MB/s] 79%|███████▊  | 134M/170M [00:08<00:02, 17.3MB/s] 80%|███████▉  | 136M/170M [00:08<00:01, 18.1MB/s] 81%|████████  | 138M/170M [00:09<00:02, 16.2MB/s] 82%|████████▏ | 140M/170M [00:09<00:01, 17.7MB/s] 83%|████████▎ | 142M/170M [00:09<00:01, 18.4MB/s] 85%|████████▍ | 144M/170M [00:09<00:01, 16.0MB/s] 86%|████████▌ | 147M/170M [00:09<00:01, 18.1MB/s] 87%|████████▋ | 149M/170M [00:09<00:01, 16.0MB/s] 88%|████████▊ | 150M/170M [00:09<00:01, 16.1MB/s] 90%|████████▉ | 153M/170M [00:09<00:00, 18.8MB/s] 91%|█████████ | 155M/170M [00:10<00:00, 16.4MB/s] 92%|█████████▏| 157M/170M [00:10<00:00, 16.6MB/s] 93%|█████████▎| 159M/170M [00:10<00:00, 16.3MB/s] 95%|█████████▍| 162M/170M [00:10<00:00, 18.0MB/s] 96%|█████████▌| 164M/170M [00:10<00:00, 18.1MB/s] 97%|█████████▋| 166M/170M [00:10<00:00, 16.4MB/s] 98%|█████████▊| 168M/170M [00:10<00:00, 17.2MB/s] 99%|█████████▉| 169M/170M [00:10<00:00, 17.3MB/s]100%|██████████| 170M/170M [00:11<00:00, 15.5MB/s]
[I 2025-10-23 08:39:30,845] A new study created in memory with name: no-name-1d34b2c9-66bf-4a9e-bc74-b0f2a0fe78fd
[W 2025-10-23 08:39:30,847] Trial 0 failed with parameters: {} because of the following error: Ty