[I 2025-10-23 09:11:50,918] Trial 0 finished with value: 0.9226 and parameters: {'learning_rate': 0.004430375245218269, 'batch_size': 32, 'dropout': 0.21182739966945235}. Best is trial 0 with value: 0.9226.
[I 2025-10-23 09:39:59,620] Trial 1 finished with value: 0.9202 and parameters: {'learning_rate': 0.008663279761354562, 'batch_size': 128, 'dropout': 0.19172075941288885}. Best is trial 0 with value: 0.9226.
[I 2025-10-23 10:08:02,106] Trial 2 finished with value: 0.9198 and parameters: {'learning_rate': 0.02372330072992195, 'batch_size': 128, 'dropout': 0.03551802909894347}. Best is trial 0 with value: 0.9226.
[I 2025-10-23 10:36:42,940] Trial 3 finished with value: 0.8764 and parameters: {'learning_rate': 0.00018255254802399022, 'batch_size': 64, 'dropout': 0.4350060741234096}. Best is trial 0 with value: 0.9226.
[I 2025-10-23 11:06:36,159] Trial 4 finished with value: 0.7398 and parameters: {'learning_rate': 0.08626905220714905, 'batch_size': 32, 'dropout': 0.05913721293446661}. Best is trial 0 with value: 0.9226.
[I 2025-10-23 11:35:33,773] Trial 5 finished with value: 0.9198 and parameters: {'learning_rate': 0.008313101133778738, 'batch_size': 64, 'dropout': 0.2073309699952618}. Best is trial 0 with value: 0.9226.
[I 2025-10-23 12:05:28,100] Trial 6 finished with value: 0.915 and parameters: {'learning_rate': 0.0006218230782016858, 'batch_size': 32, 'dropout': 0.009394900218177571}. Best is trial 0 with value: 0.9226.
[I 2025-10-23 12:05:38,689] Trial 7 pruned. 
[I 2025-10-23 12:34:26,591] Trial 8 finished with value: 0.9098 and parameters: {'learning_rate': 0.0011981845126013877, 'batch_size': 64, 'dropout': 0.33338335772283384}. Best is trial 0 with value: 0.9226.
[I 2025-10-23 12:34:36,843] Trial 9 pruned. 
[I 2025-10-23 13:04:36,262] Trial 10 finished with value: 0.9144 and parameters: {'learning_rate': 0.001794689140258153, 'batch_size': 32, 'dropout': 0.4763891304300578}. Best is trial 0 with value: 0.9226.
[I 2025-10-23 13:04:47,219] Trial 11 pruned. 
[I 2025-10-23 13:32:44,950] Trial 12 finished with value: 0.9146 and parameters: {'learning_rate': 0.0029258633901768196, 'batch_size': 128, 'dropout': 0.2670625360137851}. Best is trial 0 with value: 0.9226.
[I 2025-10-23 13:32:56,125] Trial 13 pruned. 
[I 2025-10-23 14:01:07,879] Trial 14 finished with value: 0.9204 and parameters: {'learning_rate': 0.004004615159821473, 'batch_size': 128, 'dropout': 0.2587109940061247}. Best is trial 0 with value: 0.9226.
[I 2025-10-23 14:01:18,348] Trial 15 pruned. 
[I 2025-10-23 14:01:29,114] Trial 16 pruned. 
[I 2025-10-23 14:31:36,333] Trial 17 finished with value: 0.9204 and parameters: {'learning_rate': 0.0029013938808304853, 'batch_size': 32, 'dropout': 0.25929793187173134}. Best is trial 0 with value: 0.9226.
[I 2025-10-23 14:59:51,531] Trial 18 finished with value: 0.9142 and parameters: {'learning_rate': 0.004977887574144505, 'batch_size': 128, 'dropout': 0.13051878723534038}. Best is trial 0 with value: 0.9226.
[I 2025-10-23 15:00:01,668] Trial 19 pruned. 
[I 2025-10-23 15:00:11,631] Trial 20 pruned. 
[I 2025-10-23 15:30:13,925] Trial 21 finished with value: 0.92 and parameters: {'learning_rate': 0.0030144717892642892, 'batch_size': 32, 'dropout': 0.2574069984147719}. Best is trial 0 with value: 0.9226.
[I 2025-10-23 16:00:26,543] Trial 22 finished with value: 0.9182 and parameters: {'learning_rate': 0.0020359207170316225, 'batch_size': 32, 'dropout': 0.2336631701103658}. Best is trial 0 with value: 0.9226.
[I 2025-10-23 16:00:37,569] Trial 23 pruned. 
[I 2025-10-23 16:30:39,101] Trial 24 finished with value: 0.9202 and parameters: {'learning_rate': 0.0015601533416879497, 'batch_size': 32, 'dropout': 0.1590100810908469}. Best is trial 0 with value: 0.9226.
[I 2025-10-23 17:00:44,442] Trial 25 finished with value: 0.9136 and parameters: {'learning_rate': 0.0005258234701563751, 'batch_size': 32, 'dropout': 0.3050519044649379}. Best is trial 0 with value: 0.9226.
[I 2025-10-23 17:00:54,931] Trial 26 pruned. 
[I 2025-10-23 17:30:36,612] Trial 27 finished with value: 0.922 and parameters: {'learning_rate': 0.0030462436667623967, 'batch_size': 32, 'dropout': 0.21914445502797675}. Best is trial 0 with value: 0.9226.
[I 2025-10-23 17:30:47,418] Trial 28 pruned. 
[I 2025-10-23 17:30:58,016] Trial 29 pruned. 
[I 2025-10-23 17:31:08,352] Trial 30 pruned. 
[I 2025-10-23 17:31:19,140] Trial 31 pruned. 
[I 2025-10-23 17:31:30,048] Trial 32 pruned. 
[I 2025-10-23 18:01:25,357] Trial 33 finished with value: 0.9196 and parameters: {'learning_rate': 0.0022306781718158253, 'batch_size': 32, 'dropout': 0.33924382492801386}. Best is trial 0 with value: 0.9226.
[I 2025-10-23 18:01:36,167] Trial 34 pruned. 
[I 2025-10-23 18:30:49,777] Trial 35 finished with value: 0.9226 and parameters: {'learning_rate': 0.003806069551134437, 'batch_size': 32, 'dropout': 0.088429624405089}. Best is trial 0 with value: 0.9226.
[I 2025-10-23 18:59:16,865] Trial 36 finished with value: 0.9208 and parameters: {'learning_rate': 0.004115318611235172, 'batch_size': 64, 'dropout': 0.06049792170154217}. Best is trial 0 with value: 0.9226.
[I 2025-10-23 18:59:27,672] Trial 37 pruned. 
[I 2025-10-23 19:28:06,892] Trial 38 finished with value: 0.9172 and parameters: {'learning_rate': 0.007533682420655565, 'batch_size': 64, 'dropout': 0.01852420261958035}. Best is trial 0 with value: 0.9226.
[I 2025-10-23 19:56:19,889] Trial 39 finished with value: 0.9096 and parameters: {'learning_rate': 0.0013329970559593381, 'batch_size': 64, 'dropout': 0.05345425724660446}. Best is trial 0 with value: 0.9226.
[I 2025-10-23 19:56:30,471] Trial 40 pruned. 
[I 2025-10-23 20:24:42,022] Trial 41 finished with value: 0.9182 and parameters: {'learning_rate': 0.004212710851972976, 'batch_size': 64, 'dropout': 0.09702622569208941}. Best is trial 0 with value: 0.9226.
[I 2025-10-23 20:52:22,637] Trial 42 finished with value: 0.9092 and parameters: {'learning_rate': 0.00224585515297306, 'batch_size': 128, 'dropout': 0.03532041995198339}. Best is trial 0 with value: 0.9226.
[I 2025-10-23 20:52:33,063] Trial 43 pruned. 
[I 2025-10-23 20:52:43,198] Trial 44 pruned. 
[I 2025-10-23 20:52:53,249] Trial 45 pruned. 
[I 2025-10-23 21:22:50,931] Trial 46 finished with value: 0.921 and parameters: {'learning_rate': 0.0041250545944541, 'batch_size': 32, 'dropout': 0.040750224961374745}. Best is trial 0 with value: 0.9226.
[I 2025-10-23 21:53:03,200] Trial 47 finished with value: 0.9164 and parameters: {'learning_rate': 0.002362013339846834, 'batch_size': 32, 'dropout': 0.006098663465880463}. Best is trial 0 with value: 0.9226.
[I 2025-10-23 21:53:13,923] Trial 48 pruned. 
[I 2025-10-23 22:23:08,566] Trial 49 finished with value: 0.9176 and parameters: {'learning_rate': 0.001621931979393615, 'batch_size': 32, 'dropout': 0.12782349340929972}. Best is trial 0 with value: 0.9226.
[I 2025-10-23 22:23:19,714] Trial 50 pruned. 
[I 2025-10-23 22:23:30,954] Trial 51 pruned. 
[I 2025-10-23 22:50:53,656] Trial 52 finished with value: 0.9118 and parameters: {'learning_rate': 0.006340004919982938, 'batch_size': 128, 'dropout': 0.1143848664821484}. Best is trial 0 with value: 0.9226.
[I 2025-10-23 22:51:04,254] Trial 53 pruned. 
[I 2025-10-23 23:20:19,768] Trial 54 finished with value: 0.9232 and parameters: {'learning_rate': 0.002720727748610218, 'batch_size': 32, 'dropout': 0.051451995679921675}. Best is trial 54 with value: 0.9232.
[I 2025-10-23 23:50:11,810] Trial 55 finished with value: 0.9124 and parameters: {'learning_rate': 0.0008416318599660438, 'batch_size': 32, 'dropout': 0.05520997615223592}. Best is trial 54 with value: 0.9232.
[I 2025-10-23 23:50:22,750] Trial 56 pruned. 
[I 2025-10-24 00:20:28,521] Trial 57 finished with value: 0.9156 and parameters: {'learning_rate': 0.0011769787588561322, 'batch_size': 32, 'dropout': 0.002220319837191259}. Best is trial 54 with value: 0.9232.
[I 2025-10-24 00:50:28,201] Trial 58 finished with value: 0.9174 and parameters: {'learning_rate': 0.0016953025955105735, 'batch_size': 32, 'dropout': 0.053207970911009914}. Best is trial 54 with value: 0.9232.
[I 2025-10-24 01:20:42,573] Trial 59 finished with value: 0.9206 and parameters: {'learning_rate': 0.0035140648352096657, 'batch_size': 32, 'dropout': 0.14022613118627253}. Best is trial 54 with value: 0.9232.
wandb: updating run metadata; uploading artifact run-proposed-Small-CNN-1.2M-CIFAR-10-confusion_matrix_table; uploading media/table/confusion_matrix_table_401_b381a6b3d0c53313eec2.table.json
wandb: uploading artifact run-proposed-Small-CNN-1.2M-CIFAR-10-confusion_matrix_table
wandb: 
wandb: Run history:
wandb:      epoch ▁▁▁▁▁▁▂▂▂▂▂▃▃▃▃▃▄▄▄▄▄▅▅▅▅▅▅▆▆▆▆▇▇▇▇▇▇▇██
wandb:   test_acc ▁
wandb:  test_loss ▁
wandb:  train_acc ▁▃▄▄▆▆▆▆▆▇▇▇▇▇▇█████████████████████████
wandb: train_loss █▆▅▅▃▃▃▃▃▂▂▂▂▂▂▂▂▂▂▂▁▁▁▁▁▁▁▁▁▁▁▁▁▁▁▁▁▁▁▁
wandb:    val_acc ▁▄▄▅▅▆▇▇▇▇▇▇▇▇▇▇▇▇▇▇▇▇▇▇▇█▇█████████████
wandb:   val_loss ██▄▃▂▂▂▂▂▂▂▂▂▂▂▂▂▁▂▂▁▁▂▂▁▁▁▁▂▁▁▁▁▁▁▁▁▁▁▁
wandb: 
wandb: Run summary:
wandb:              best_val_acc 0.922
wandb:                     epoch 200
wandb:            final_test_acc 0.922
wandb:           final_test_loss 0.30909
wandb:    optuna/best_batch_size 32
wandb:       optuna/best_dropout 0.05145
wandb: optuna/best_learning_rate 0.00272
wandb:                  test_acc 0.922
wandb:                 test_loss 0.30909
wandb:                 train_acc 0.99911
wandb:                        +3 ...
wandb: 
wandb: 🚀 View run proposed-Small-CNN-1.2M-CIFAR-10 at: https://wandb.ai/gengaru617-personal/251023-test/runs/proposed-Small-CNN-1.2M-CIFAR-10
wandb: ⭐️ View project at: https://wandb.ai/gengaru617-personal/251023-test
wandb: Synced 5 W&B file(s), 1 media file(s), 2 artifact file(s) and 0 other file(s)
wandb: Find logs at: ./.research/iteration1/wandb/run-20251023_084140-proposed-Small-CNN-1.2M-CIFAR-10/logs
